<?xml version="1.0" encoding="UTF-8"?>
<!-- Generated by org.testng.reporters.JUnitReportReporter -->
<testsuite hostname="IN-MH1DSW101410" name="testscripts.cap.CAPAutomate_Letter_GenerationScripts" tests="1" failures="0" timestamp="16 Nov 2018 08:43:44 GMT" time="83.324" errors="0">
  <testcase name="Verifying_RTWLetter_Generation" time="83.324" classname="testscripts.cap.CAPAutomate_Letter_GenerationScripts"/>
</testsuite> <!-- testscripts.cap.CAPAutomate_Letter_GenerationScripts -->
