<?xml version="1.0" encoding="UTF-8"?>
<!-- Generated by org.testng.reporters.JUnitReportReporter -->
<testsuite hostname="IN-MH1DSW101410" name="testscripts.cap.CAPLettersEventlogstabScripts" tests="1" failures="0" timestamp="13 Nov 2018 12:47:21 GMT" time="358.882" errors="0">
  <testcase name="CAPEventlogstab" time="358.882" classname="testscripts.cap.CAPLettersEventlogstabScripts"/>
</testsuite> <!-- testscripts.cap.CAPLettersEventlogstabScripts -->
