<?xml version="1.0" encoding="UTF-8"?>
<!-- Generated by org.testng.reporters.JUnitReportReporter -->
<testsuite hostname="IN-MH1DSW101410" name="testscripts.cap.CAPSearchCustLetterEventScripts" tests="3" failures="0" timestamp="27 Nov 2018 12:50:31 GMT" time="53.982" errors="0">
  <testcase name="SearchCustLetterEventTC20" time="16.455" classname="testscripts.cap.CAPSearchCustLetterEventScripts"/>
  <testcase name="SearchCustLetterEventTC19" time="16.028" classname="testscripts.cap.CAPSearchCustLetterEventScripts"/>
  <testcase name="SearchCustLetterEventTC18" time="21.499" classname="testscripts.cap.CAPSearchCustLetterEventScripts"/>
</testsuite> <!-- testscripts.cap.CAPSearchCustLetterEventScripts -->
