<?xml version="1.0" encoding="UTF-8"?>
<!-- Generated by org.testng.reporters.JUnitReportReporter -->
<testsuite hostname="IN-MH1DSW101350" name="testscripts.cap.Test47" tests="1" failures="0" timestamp="5 Oct 2018 11:23:08 GMT" time="40.609" errors="0">
  <testcase name="SearchStaffTC47" time="40.609" classname="testscripts.cap.Test47"/>
</testsuite> <!-- testscripts.cap.Test47 -->
