<?xml version="1.0" encoding="UTF-8"?>
<!-- Generated by org.testng.reporters.JUnitReportReporter -->
<testsuite hostname="IN-MH1DSW101410" name="testscripts.cap.CAPSetupSchemesScripts" tests="1" failures="0" timestamp="16 Nov 2018 06:59:37 GMT" time="19.061" errors="0">
  <testcase name="SetupSchemesTC65" time="19.061" classname="testscripts.cap.CAPSetupSchemesScripts"/>
</testsuite> <!-- testscripts.cap.CAPSetupSchemesScripts -->
