<?xml version="1.0" encoding="UTF-8"?>
<!-- Generated by org.testng.reporters.JUnitReportReporter -->
<testsuite hostname="IN-MH1DSW101410" name="testscripts.cap.CapRealexErrorResponseScripts" tests="1" failures="0" timestamp="23 Nov 2018 09:17:27 GMT" time="203.606" errors="0">
  <testcase name="VerifyingCapRealexErrorTC248" time="203.606" classname="testscripts.cap.CapRealexErrorResponseScripts"/>
</testsuite> <!-- testscripts.cap.CapRealexErrorResponseScripts -->
