<?xml version="1.0" encoding="UTF-8"?>
<!-- Generated by org.testng.reporters.JUnitReportReporter -->
<testsuite hostname="IND-MHPDW100219" name="restAssured.RestExamples" tests="1" failures="0" timestamp="6 Dec 2018 14:20:15 GMT" time="1.829" errors="0">
  <testcase name="validationUsingResponseValidator" time="1.829" classname="restAssured.RestExamples"/>
</testsuite> <!-- restAssured.RestExamples -->
