<?xml version="1.0" encoding="UTF-8"?>
<!-- Generated by org.testng.reporters.JUnitReportReporter -->
<testsuite hostname="IN-MH1DSW101410" name="testscripts.cap.CAPCardPaymentScripts" tests="1" failures="0" timestamp="22 Nov 2018 10:17:48 GMT" time="245.524" errors="0">
  <testcase name="CardPaymentTC246" time="245.524" classname="testscripts.cap.CAPCardPaymentScripts"/>
</testsuite> <!-- testscripts.cap.CAPCardPaymentScripts -->
