<?xml version="1.0" encoding="UTF-8"?>
<!-- Generated by org.testng.reporters.JUnitReportReporter -->
<testsuite hostname="IN-MH1DSW101350" name="testscripts.cap.Test52" tests="1" failures="0" timestamp="5 Oct 2018 12:26:55 GMT" time="57.196" errors="0">
  <testcase name="ProductPartnerListTC57" time="57.196" classname="testscripts.cap.Test52"/>
</testsuite> <!-- testscripts.cap.Test52 -->
