<?xml version="1.0" encoding="UTF-8"?>
<!-- Generated by org.testng.reporters.JUnitReportReporter -->
<testsuite hostname="IN-MH1DSW101410" name="testscripts.cap.CAPSearchStaffTC49" tests="1" failures="0" timestamp="15 Nov 2018 06:57:15 GMT" time="20.488" errors="0">
  <testcase name="SearchStaffTC49" time="20.488" classname="testscripts.cap.CAPSearchStaffTC49"/>
</testsuite> <!-- testscripts.cap.CAPSearchStaffTC49 -->
