<?xml version="1.0" encoding="UTF-8"?>
<!-- Generated by org.testng.reporters.JUnitReportReporter -->
<testsuite hostname="IN-MH1DSW101410" name="testscripts.cap.CAPSetupCustomerScripts" tests="4" failures="0" timestamp="27 Nov 2018 08:35:59 GMT" time="68.077" errors="0">
  <testcase name="SetupCustomerTC34" time="7.636" classname="testscripts.cap.CAPSetupCustomerScripts"/>
  <testcase name="SetupCustomerTC35" time="20.914" classname="testscripts.cap.CAPSetupCustomerScripts"/>
  <testcase name="SetupCustomerTC33" time="5.707" classname="testscripts.cap.CAPSetupCustomerScripts"/>
  <testcase name="SetupCustomerTC110" time="33.820" classname="testscripts.cap.CAPSetupCustomerScripts"/>
</testsuite> <!-- testscripts.cap.CAPSetupCustomerScripts -->
