<?xml version="1.0" encoding="UTF-8"?>
<!-- Generated by org.testng.reporters.JUnitReportReporter -->
<testsuite hostname="IN-MH1DSW101410" name="testscripts.cap.CAPSearchCustSUMMARYScripts" tests="6" failures="0" timestamp="28 Nov 2018 06:06:28 GMT" time="123.466" errors="0">
  <testcase name="SearchCustmerSUMMARYTC10" time="27.320" classname="testscripts.cap.CAPSearchCustSUMMARYScripts"/>
  <testcase name="SearchCustmerSUMMARYTC8" time="16.101" classname="testscripts.cap.CAPSearchCustSUMMARYScripts"/>
  <testcase name="SearchCustmerSUMMARYTC9" time="7.353" classname="testscripts.cap.CAPSearchCustSUMMARYScripts"/>
  <testcase name="SearchCustmerSUMMARYTC11" time="29.699" classname="testscripts.cap.CAPSearchCustSUMMARYScripts"/>
  <testcase name="SearchCustmerSUMMARYTC12" time="34.745" classname="testscripts.cap.CAPSearchCustSUMMARYScripts"/>
  <testcase name="SearchCustmerSUMMARYTC13" time="8.248" classname="testscripts.cap.CAPSearchCustSUMMARYScripts"/>
</testsuite> <!-- testscripts.cap.CAPSearchCustSUMMARYScripts -->
