<?xml version="1.0" encoding="UTF-8"?>
<!-- Generated by org.testng.reporters.JUnitReportReporter -->
<testsuite hostname="IN-MH1DSW101410" name="testscripts.cap.CAPSetupProductScripts" tests="1" failures="0" timestamp="16 Nov 2018 06:33:58 GMT" time="24.761" errors="0">
  <testcase name="SetupProductTC53" time="24.761" classname="testscripts.cap.CAPSetupProductScripts"/>
</testsuite> <!-- testscripts.cap.CAPSetupProductScripts -->
