<?xml version="1.0" encoding="UTF-8"?>
<!-- Generated by org.testng.reporters.JUnitReportReporter -->
<testsuite hostname="IN-MH1DSW101410" name="testscripts.cap.CAPSearchStaffScripts" tests="10" failures="0" timestamp="15 Nov 2018 12:44:53 GMT" time="323.815" errors="0">
  <testcase name="SearchStaffTC45" time="19.063" classname="testscripts.cap.CAPSearchStaffScripts"/>
  <testcase name="SearchStaffTC51" time="40.299" classname="testscripts.cap.CAPSearchStaffScripts"/>
  <testcase name="SearchStaffTC49" time="14.621" classname="testscripts.cap.CAPSearchStaffScripts"/>
  <testcase name="SearchStaffTC47" time="39.071" classname="testscripts.cap.CAPSearchStaffScripts"/>
  <testcase name="SearchStaffTC50" time="11.261" classname="testscripts.cap.CAPSearchStaffScripts"/>
  <testcase name="SearchStaffTC52" time="12.390" classname="testscripts.cap.CAPSearchStaffScripts"/>
  <testcase name="SearchStaffTC46" time="25.920" classname="testscripts.cap.CAPSearchStaffScripts"/>
  <testcase name="SearchStaffTC44" time="18.768" classname="testscripts.cap.CAPSearchStaffScripts"/>
  <testcase name="SearchStaffTC48" time="124.631" classname="testscripts.cap.CAPSearchStaffScripts"/>
  <testcase name="SearchStaffTC43" time="17.791" classname="testscripts.cap.CAPSearchStaffScripts"/>
</testsuite> <!-- testscripts.cap.CAPSearchStaffScripts -->
