<?xml version="1.0" encoding="UTF-8"?>
<!-- Generated by org.testng.reporters.JUnitReportReporter -->
<testsuite hostname="IN-MH1DSW101410" name="testscripts.cap.CAPSearchCustomerScripts" tests="5" failures="0" timestamp="27 Nov 2018 08:35:59 GMT" time="187.307" errors="0">
  <testcase name="SearchCustomerTC6" time="7.429" classname="testscripts.cap.CAPSearchCustomerScripts"/>
  <testcase name="SearchCustomerTransaction" time="104.276" classname="testscripts.cap.CAPSearchCustomerScripts"/>
  <testcase name="SearchCustomer" time="12.218" classname="testscripts.cap.CAPSearchCustomerScripts"/>
  <testcase name="SearchCustomerTC5" time="11.818" classname="testscripts.cap.CAPSearchCustomerScripts"/>
  <testcase name="SearchCustomerTC7" time="51.566" classname="testscripts.cap.CAPSearchCustomerScripts"/>
</testsuite> <!-- testscripts.cap.CAPSearchCustomerScripts -->
