<?xml version="1.0" encoding="UTF-8"?>
<!-- Generated by org.testng.reporters.JUnitReportReporter -->
<testsuite hostname="IN-MH1DSW101410" name="testscripts.cap.CAPSearchCustAffordabilityScripts" tests="1" failures="0" timestamp="27 Nov 2018 11:27:06 GMT" time="28.327" errors="0">
  <testcase name="SearchCustAffordabilityTC32" time="28.327" classname="testscripts.cap.CAPSearchCustAffordabilityScripts"/>
</testsuite> <!-- testscripts.cap.CAPSearchCustAffordabilityScripts -->
