<?xml version="1.0" encoding="UTF-8"?>
<!-- Generated by org.testng.reporters.JUnitReportReporter -->
<testsuite hostname="IN-MH1DSW101410" name="testscripts.cap.CAPSearchBulkCustomerTransferScripts" tests="4" failures="0" timestamp="16 Nov 2018 09:16:06 GMT" time="584.096" errors="0">
  <testcase name="verifyBCTByChangingSameDestinationTerritory" time="139.151" classname="testscripts.cap.CAPSearchBulkCustomerTransferScripts"/>
  <testcase name="verifyAmendBCTRequestScript" time="167.689" classname="testscripts.cap.CAPSearchBulkCustomerTransferScripts"/>
  <testcase name="verifyCancelBCTRequest" time="129.346" classname="testscripts.cap.CAPSearchBulkCustomerTransferScripts"/>
  <testcase name="verifyBCTByChangingDifferentDestinationTerritory" time="147.910" classname="testscripts.cap.CAPSearchBulkCustomerTransferScripts"/>
</testsuite> <!-- testscripts.cap.CAPSearchBulkCustomerTransferScripts -->
