<?xml version="1.0" encoding="UTF-8"?>
<!-- Generated by org.testng.reporters.JUnitReportReporter -->
<testsuite hostname="IN-MH1DSW101410" name="testscripts.cap.CAPSearchCustTransactionScripts" tests="7" failures="0" timestamp="27 Nov 2018 08:51:11 GMT" time="326.373" errors="0">
  <testcase name="SearchCustTransactionTC24" time="26.866" classname="testscripts.cap.CAPSearchCustTransactionScripts"/>
  <testcase name="SearchCustTransactionTC28" time="8.615" classname="testscripts.cap.CAPSearchCustTransactionScripts"/>
  <testcase name="SearchCustTransactionTC25" time="48.356" classname="testscripts.cap.CAPSearchCustTransactionScripts"/>
  <testcase name="SearchCustTransactionTC27" time="48.948" classname="testscripts.cap.CAPSearchCustTransactionScripts"/>
  <testcase name="SearchCustTransactionTC23" time="91.768" classname="testscripts.cap.CAPSearchCustTransactionScripts"/>
  <testcase name="SearchCustTransactionTC22" time="91.016" classname="testscripts.cap.CAPSearchCustTransactionScripts"/>
  <testcase name="SearchCustTransactionTC26" time="10.804" classname="testscripts.cap.CAPSearchCustTransactionScripts"/>
</testsuite> <!-- testscripts.cap.CAPSearchCustTransactionScripts -->
