<?xml version="1.0" encoding="UTF-8"?>
<!-- Generated by org.testng.reporters.JUnitReportReporter -->
<testsuite hostname="IN-MH1DSW101410" name="testscripts.cap.CAPListProductScripts" tests="1" failures="0" timestamp="16 Nov 2018 06:33:58 GMT" time="12.571" errors="0">
  <testcase name="ListProductTC54" time="12.571" classname="testscripts.cap.CAPListProductScripts"/>
</testsuite> <!-- testscripts.cap.CAPListProductScripts -->
