<?xml version="1.0" encoding="UTF-8"?>
<!-- Generated by org.testng.reporters.JUnitReportReporter -->
<testsuite hostname="IN-MH1DSW101410" name="testscripts.cap.CAPCardPayment_CustomerServiceScripts" tests="1" failures="0" timestamp="23 Nov 2018 09:17:27 GMT" time="276.058" errors="0">
  <testcase name="CAPEventlogstab" time="276.058" classname="testscripts.cap.CAPCardPayment_CustomerServiceScripts"/>
</testsuite> <!-- testscripts.cap.CAPCardPayment_CustomerServiceScripts -->
