<?xml version="1.0" encoding="UTF-8"?>
<!-- Generated by org.testng.reporters.JUnitReportReporter -->
<testsuite hostname="IN-MH1DSW101410" name="testscripts.cap.CAPSetupStaffScripts" tests="1" failures="0" timestamp="28 Nov 2018 07:00:52 GMT" time="36.378" errors="0">
  <testcase name="SetupStaffTC41" time="36.378" classname="testscripts.cap.CAPSetupStaffScripts"/>
</testsuite> <!-- testscripts.cap.CAPSetupStaffScripts -->
