<?xml version="1.0" encoding="UTF-8"?>
<!-- Generated by org.testng.reporters.JUnitReportReporter -->
<testsuite hostname="IN-MH1DSW101410" name="testscripts.cap.CAPAutomate_Loan_AgreementScripts" tests="1" failures="0" timestamp="16 Nov 2018 08:43:44 GMT" time="112.451" errors="0">
  <testcase name="Verifying_Loan_Agreement" time="112.451" classname="testscripts.cap.CAPAutomate_Loan_AgreementScripts"/>
</testsuite> <!-- testscripts.cap.CAPAutomate_Loan_AgreementScripts -->
