<?xml version="1.0" encoding="UTF-8"?>
<!-- Generated by org.testng.reporters.JUnitReportReporter -->
<testsuite hostname="IN-MH1DSW101410" name="testscripts.cap.CAPViewLeadsScripts" tests="6" failures="0" timestamp="15 Nov 2018 11:02:09 GMT" time="299.080" errors="0">
  <testcase name="ViewLeadsTC40" time="74.190" classname="testscripts.cap.CAPViewLeadsScripts"/>
  <testcase name="ViewLeadsTC37" time="61.100" classname="testscripts.cap.CAPViewLeadsScripts"/>
  <testcase name="ViewLeads" time="11.606" classname="testscripts.cap.CAPViewLeadsScripts"/>
  <testcase name="ViewLeadsTC39" time="82.006" classname="testscripts.cap.CAPViewLeadsScripts"/>
  <testcase name="ViewLeadsTC38" time="62.561" classname="testscripts.cap.CAPViewLeadsScripts"/>
  <testcase name="ViewLeadsTC36" time="7.617" classname="testscripts.cap.CAPViewLeadsScripts"/>
</testsuite> <!-- testscripts.cap.CAPViewLeadsScripts -->
