<?xml version="1.0" encoding="UTF-8"?>
<!-- Generated by org.testng.reporters.JUnitReportReporter -->
<testsuite hostname="IN-MH1DSW101410" name="testscripts.cap.AgentamendCardScripts" tests="4" failures="0" timestamp="16 Nov 2018 10:29:08 GMT" time="249.267" errors="0">
  <testcase name="ATMAmendwithValidCardNumber" time="88.784" classname="testscripts.cap.AgentamendCardScripts"/>
  <testcase name="ATMAmendwithBlankdata" time="52.852" classname="testscripts.cap.AgentamendCardScripts"/>
  <testcase name="ATMAmendwithExistedPassword" time="49.610" classname="testscripts.cap.AgentamendCardScripts"/>
  <testcase name="ATMAmendwithInvalidCardNumber253" time="58.021" classname="testscripts.cap.AgentamendCardScripts"/>
</testsuite> <!-- testscripts.cap.AgentamendCardScripts -->
