<?xml version="1.0" encoding="UTF-8"?>
<!-- Generated by org.testng.reporters.JUnitReportReporter -->
<testsuite hostname="IN-MH1DSW101350" name="testscripts.cap.CAPCreditControlSchemesTC63Scripts" tests="1" failures="0" timestamp="4 Oct 2018 09:42:41 GMT" time="67.308" errors="0">
  <testcase name="ViewLeadsTC37" time="67.308" classname="testscripts.cap.CAPCreditControlSchemesTC63Scripts"/>
</testsuite> <!-- testscripts.cap.CAPCreditControlSchemesTC63Scripts -->
