<?xml version="1.0" encoding="UTF-8"?>
<!-- Generated by org.testng.reporters.JUnitReportReporter -->
<testsuite hostname="IN-MH1DSW101410" name="testscripts.cap.CAPSearchCustStatementScripts" tests="1" failures="0" timestamp="27 Nov 2018 08:51:11 GMT" time="99.546" errors="0">
  <testcase name="SearchCustStatementTC21" time="99.546" classname="testscripts.cap.CAPSearchCustStatementScripts"/>
</testsuite> <!-- testscripts.cap.CAPSearchCustStatementScripts -->
