<?xml version="1.0" encoding="UTF-8"?>
<!-- Generated by org.testng.reporters.JUnitReportReporter -->
<testsuite hostname="IN-MH1DSW101410" name="testscripts.cap.CAPSearchCustBusinessUnitScripts" tests="3" failures="0" timestamp="27 Nov 2018 11:27:06 GMT" time="38.964" errors="0">
  <testcase name="SearchCustBusinessUnitTC30" time="11.946" classname="testscripts.cap.CAPSearchCustBusinessUnitScripts"/>
  <testcase name="SearchCustBusinessUnitTC31" time="9.393" classname="testscripts.cap.CAPSearchCustBusinessUnitScripts"/>
  <testcase name="SearchCustBusinessUnitTC29" time="17.625" classname="testscripts.cap.CAPSearchCustBusinessUnitScripts"/>
</testsuite> <!-- testscripts.cap.CAPSearchCustBusinessUnitScripts -->
