<?xml version="1.0" encoding="UTF-8"?>
<!-- Generated by org.testng.reporters.JUnitReportReporter -->
<testsuite hostname="IN-MH1DSW101410" name="testscripts.cap.CapRealexErrorResponseforDeclinedScripts" tests="1" failures="0" timestamp="23 Nov 2018 09:17:27 GMT" time="192.286" errors="0">
  <testcase name="VerifyingCapRealexErrorResponseforDeclinedTC247" time="192.286" classname="testscripts.cap.CapRealexErrorResponseforDeclinedScripts"/>
</testsuite> <!-- testscripts.cap.CapRealexErrorResponseforDeclinedScripts -->
