<?xml version="1.0" encoding="UTF-8"?>
<!-- Generated by org.testng.reporters.JUnitReportReporter -->
<testsuite hostname="IN-MH1DSW101350" name="testscripts.cap.CAPSetupCustomerTC111" tests="1" failures="0" timestamp="5 Oct 2018 07:38:08 GMT" time="35.217" errors="0">
  <testcase name="SetupCustomerTC111" time="35.217" classname="testscripts.cap.CAPSetupCustomerTC111"/>
</testsuite> <!-- testscripts.cap.CAPSetupCustomerTC111 -->
