<?xml version="1.0" encoding="UTF-8"?>
<!-- Generated by org.testng.reporters.JUnitReportReporter -->
<testsuite hostname="IN-MH1DSW101410" name="testscripts.cap.CAPSetupBusinessUnitScripts" tests="2" failures="0" timestamp="16 Nov 2018 07:16:57 GMT" time="61.128" errors="0">
  <testcase name="SetupBusinessUnitTC61" time="32.262" classname="testscripts.cap.CAPSetupBusinessUnitScripts"/>
  <testcase name="SetupBusinessUnitTC60" time="28.866" classname="testscripts.cap.CAPSetupBusinessUnitScripts"/>
</testsuite> <!-- testscripts.cap.CAPSetupBusinessUnitScripts -->
