<?xml version="1.0" encoding="UTF-8"?>
<!-- Generated by org.testng.reporters.JUnitReportReporter -->
<testsuite hostname="IN-MH1DSW101410" name="testscripts.cap.CAPAutomate_Letter_OverpaymentScripts" tests="1" failures="0" timestamp="16 Nov 2018 08:43:43 GMT" time="97.198" errors="0">
  <testcase name="Verifying_Letter_OverpaymentGeneration" time="97.198" classname="testscripts.cap.CAPAutomate_Letter_OverpaymentScripts"/>
</testsuite> <!-- testscripts.cap.CAPAutomate_Letter_OverpaymentScripts -->
