<?xml version="1.0" encoding="UTF-8"?>
<!-- Generated by org.testng.reporters.JUnitReportReporter -->
<testsuite hostname="IN-MH1DSW101410" name="testscripts.cap.CAPSearchBusinessUnitScripts" tests="2" failures="0" timestamp="16 Nov 2018 07:16:57 GMT" time="28.552" errors="0">
  <testcase name="SearchBusinessUnitTC58" time="14.516" classname="testscripts.cap.CAPSearchBusinessUnitScripts"/>
  <testcase name="SearchBusinessUnitTC59" time="14.036" classname="testscripts.cap.CAPSearchBusinessUnitScripts"/>
</testsuite> <!-- testscripts.cap.CAPSearchBusinessUnitScripts -->
